<?xml version="1.0" encoding="UTF-8"?>
<testng-results total="1" passed="1" failed="0" skipped="0">
  <reporter-output>
  </reporter-output>
  <suite started-at="2022-02-05T14:50:20Z" name="Default suite" finished-at="2022-02-05T14:50:30Z" duration-ms="10111">
    <groups>
    </groups>
    <test started-at="2022-02-05T14:50:20Z" name="Default test" finished-at="2022-02-05T14:50:30Z" duration-ms="10111">
      <class name="tests.Testing">
        <test-method is-config="true" signature="StartBrowser()[pri:0, instance:tests.Testing@7b7fdc8]" started-at="2022-02-05T20:20:20Z" name="StartBrowser" finished-at="2022-02-05T20:20:22Z" duration-ms="1997" status="PASS">
          <reporter-output>
          </reporter-output>
        </test-method> <!-- StartBrowser -->
        <test-method signature="Test()[pri:0, instance:tests.Testing@7b7fdc8]" started-at="2022-02-05T20:20:22Z" name="Test" finished-at="2022-02-05T20:20:30Z" duration-ms="7470" status="PASS">
          <reporter-output>
          </reporter-output>
        </test-method> <!-- Test -->
        <test-method is-config="true" signature="CloseBrowser()[pri:0, instance:tests.Testing@7b7fdc8]" started-at="2022-02-05T20:20:30Z" name="CloseBrowser" finished-at="2022-02-05T20:20:30Z" duration-ms="635" status="PASS">
          <reporter-output>
          </reporter-output>
        </test-method> <!-- CloseBrowser -->
      </class> <!-- tests.Testing -->
    </test> <!-- Default test -->
  </suite> <!-- Default suite -->
</testng-results>
